<?xml version="1.0" encoding="UTF-8"?>
<!-- Generated by org.testng.reporters.JUnitReportReporter -->
<testsuite skipped="0" hostname="DESKTOP-TDHCD5M" name="quickIsra.AppiumTes" tests="2" failures="0" timestamp="2020-11-20T10:45:24 CST" time="0.026" errors="0">
  <testcase name="Androiodnat" time="0.023" classname="quickIsra.AppiumTes"/>
  <system-out/>
  <testcase name="IOSNa" time="0.003" classname="quickIsra.AppiumTes"/>
  <system-out/>
</testsuite> <!-- quickIsra.AppiumTes -->
