<?xml version="1.0" encoding="UTF-8"?>
<!-- Generated by org.testng.reporters.JUnitReportReporter -->
<testsuite skipped="0" hostname="DESKTOP-TDHCD5M" name="quickIsra.AppiumTest" tests="2" failures="0" timestamp="2020-11-20T13:51:51 CST" time="0.002" errors="0">
  <testcase name="Androiodnat" time="0.001" classname="quickIsra.AppiumTest"/>
  <system-out/>
  <testcase name="IOSNa" time="0.001" classname="quickIsra.AppiumTest"/>
  <system-out/>
</testsuite> <!-- quickIsra.AppiumTest -->
